  源.cpp
E:\刘修铭\南开大学\个人材料\课程\2022-2023 第1学期\数据结构 杨巨峰\课程资料——杨巨峰\13-16周\BFS最短路径\graphChain.h(21,34): error C3861: “firstNode”: 找不到标识符
E:\刘修铭\南开大学\个人材料\课程\2022-2023 第1学期\数据结构 杨巨峰\课程资料——杨巨峰\13-16周\BFS最短路径\graphChain.h(47): message : 查看对正在编译的 类 模板 实例化“graphChain<T>”的引用
E:\刘修铭\南开大学\个人材料\课程\2022-2023 第1学期\数据结构 杨巨峰\课程资料——杨巨峰\13-16周\BFS最短路径\graphChain.h(41,13): error C3861: “firstNode”: 找不到标识符
E:\刘修铭\南开大学\个人材料\课程\2022-2023 第1学期\数据结构 杨巨峰\课程资料——杨巨峰\13-16周\BFS最短路径\graphChain.h(44,10): error C2065: “listSize”: 未声明的标识符
E:\刘修铭\南开大学\个人材料\课程\2022-2023 第1学期\数据结构 杨巨峰\课程资料——杨巨峰\13-16周\BFS最短路径\graphChain.h(44,10): error C3861: “listSize”: 找不到标识符
E:\刘修铭\南开大学\个人材料\课程\2022-2023 第1学期\数据结构 杨巨峰\课程资料——杨巨峰\13-16周\BFS最短路径\graphChain.h(21,34): error C2065: “firstNode”: 未声明的标识符
E:\刘修铭\南开大学\个人材料\课程\2022-2023 第1学期\数据结构 杨巨峰\课程资料——杨巨峰\13-16周\BFS最短路径\graphChain.h(41,13): error C2065: “firstNode”: 未声明的标识符
E:\刘修铭\南开大学\个人材料\课程\2022-2023 第1学期\数据结构 杨巨峰\课程资料——杨巨峰\13-16周\BFS最短路径\adjacencyWDigraph.h(363,1): error C4430: 缺少类型说明符 - 假定为 int。注意: C++ 不支持默认 int
E:\刘修铭\南开大学\个人材料\课程\2022-2023 第1学期\数据结构 杨巨峰\课程资料——杨巨峰\13-16周\BFS最短路径\adjacencyWDigraph.h(363): message : 查看对正在编译的 类 模板 实例化“adjacencyWDigraph<T>::heapNode”的引用
E:\刘修铭\南开大学\个人材料\课程\2022-2023 第1学期\数据结构 杨巨峰\课程资料——杨巨峰\13-16周\BFS最短路径\adjacencyWDigraph.h(522): message : 查看对正在编译的 类 模板 实例化“adjacencyWDigraph<T>”的引用
E:\刘修铭\南开大学\个人材料\课程\2022-2023 第1学期\数据结构 杨巨峰\课程资料——杨巨峰\13-16周\BFS最短路径\adjacencyWGraph.h(20,39): error C3861: “n”: 找不到标识符
E:\刘修铭\南开大学\个人材料\课程\2022-2023 第1学期\数据结构 杨巨峰\课程资料——杨巨峰\13-16周\BFS最短路径\adjacencyWGraph.h(68): message : 查看对正在编译的 类 模板 实例化“adjacencyWGraph<T>”的引用
E:\刘修铭\南开大学\个人材料\课程\2022-2023 第1学期\数据结构 杨巨峰\课程资料——杨巨峰\13-16周\BFS最短路径\adjacencyWGraph.h(20,49): error C3861: “n”: 找不到标识符
E:\刘修铭\南开大学\个人材料\课程\2022-2023 第1学期\数据结构 杨巨峰\课程资料——杨巨峰\13-16周\BFS最短路径\adjacencyWGraph.h(28,14): error C3861: “a”: 找不到标识符
E:\刘修铭\南开大学\个人材料\课程\2022-2023 第1学期\数据结构 杨巨峰\课程资料——杨巨峰\13-16周\BFS最短路径\adjacencyWGraph.h(28,27): error C3861: “noEdge”: 找不到标识符
E:\刘修铭\南开大学\个人材料\课程\2022-2023 第1学期\数据结构 杨巨峰\课程资料——杨巨峰\13-16周\BFS最短路径\adjacencyWGraph.h(29,13): error C2065: “e”: 未声明的标识符
E:\刘修铭\南开大学\个人材料\课程\2022-2023 第1学期\数据结构 杨巨峰\课程资料——杨巨峰\13-16周\BFS最短路径\adjacencyWGraph.h(29,13): error C3861: “e”: 找不到标识符
E:\刘修铭\南开大学\个人材料\课程\2022-2023 第1学期\数据结构 杨巨峰\课程资料——杨巨峰\13-16周\BFS最短路径\adjacencyWGraph.h(30,10): error C3861: “a”: 找不到标识符
E:\刘修铭\南开大学\个人材料\课程\2022-2023 第1学期\数据结构 杨巨峰\课程资料——杨巨峰\13-16周\BFS最短路径\adjacencyWGraph.h(31,10): error C3861: “a”: 找不到标识符
E:\刘修铭\南开大学\个人材料\课程\2022-2023 第1学期\数据结构 杨巨峰\课程资料——杨巨峰\13-16周\BFS最短路径\adjacencyWGraph.h(20,39): error C2065: “n”: 未声明的标识符
E:\刘修铭\南开大学\个人材料\课程\2022-2023 第1学期\数据结构 杨巨峰\课程资料——杨巨峰\13-16周\BFS最短路径\adjacencyWGraph.h(20,49): error C2065: “n”: 未声明的标识符
E:\刘修铭\南开大学\个人材料\课程\2022-2023 第1学期\数据结构 杨巨峰\课程资料——杨巨峰\13-16周\BFS最短路径\adjacencyWGraph.h(28,14): error C2065: “a”: 未声明的标识符
E:\刘修铭\南开大学\个人材料\课程\2022-2023 第1学期\数据结构 杨巨峰\课程资料——杨巨峰\13-16周\BFS最短路径\adjacencyWGraph.h(28,27): error C2065: “noEdge”: 未声明的标识符
E:\刘修铭\南开大学\个人材料\课程\2022-2023 第1学期\数据结构 杨巨峰\课程资料——杨巨峰\13-16周\BFS最短路径\adjacencyWGraph.h(30,10): error C2065: “a”: 未声明的标识符
E:\刘修铭\南开大学\个人材料\课程\2022-2023 第1学期\数据结构 杨巨峰\课程资料——杨巨峰\13-16周\BFS最短路径\adjacencyWGraph.h(31,10): error C2065: “a”: 未声明的标识符
E:\刘修铭\南开大学\个人材料\课程\2022-2023 第1学期\数据结构 杨巨峰\课程资料——杨巨峰\13-16周\BFS最短路径\adjacencyWGraph.h(38,39): error C2065: “n”: 未声明的标识符
E:\刘修铭\南开大学\个人材料\课程\2022-2023 第1学期\数据结构 杨巨峰\课程资料——杨巨峰\13-16周\BFS最短路径\adjacencyWGraph.h(38,39): error C3861: “n”: 找不到标识符
E:\刘修铭\南开大学\个人材料\课程\2022-2023 第1学期\数据结构 杨巨峰\课程资料——杨巨峰\13-16周\BFS最短路径\adjacencyWGraph.h(38,49): error C2065: “n”: 未声明的标识符
E:\刘修铭\南开大学\个人材料\课程\2022-2023 第1学期\数据结构 杨巨峰\课程资料——杨巨峰\13-16周\BFS最短路径\adjacencyWGraph.h(38,49): error C3861: “n”: 找不到标识符
E:\刘修铭\南开大学\个人材料\课程\2022-2023 第1学期\数据结构 杨巨峰\课程资料——杨巨峰\13-16周\BFS最短路径\adjacencyWGraph.h(38,54): error C2065: “a”: 未声明的标识符
E:\刘修铭\南开大学\个人材料\课程\2022-2023 第1学期\数据结构 杨巨峰\课程资料——杨巨峰\13-16周\BFS最短路径\adjacencyWGraph.h(38,54): error C3861: “a”: 找不到标识符
E:\刘修铭\南开大学\个人材料\课程\2022-2023 第1学期\数据结构 杨巨峰\课程资料——杨巨峰\13-16周\BFS最短路径\adjacencyWGraph.h(38,65): error C3861: “noEdge”: 找不到标识符
E:\刘修铭\南开大学\个人材料\课程\2022-2023 第1学期\数据结构 杨巨峰\课程资料——杨巨峰\13-16周\BFS最短路径\adjacencyWGraph.h(40,13): error C3861: “a”: 找不到标识符
E:\刘修铭\南开大学\个人材料\课程\2022-2023 第1学期\数据结构 杨巨峰\课程资料——杨巨峰\13-16周\BFS最短路径\adjacencyWGraph.h(40,23): error C3861: “noEdge”: 找不到标识符
E:\刘修铭\南开大学\个人材料\课程\2022-2023 第1学期\数据结构 杨巨峰\课程资料——杨巨峰\13-16周\BFS最短路径\adjacencyWGraph.h(41,13): error C3861: “a”: 找不到标识符
E:\刘修铭\南开大学\个人材料\课程\2022-2023 第1学期\数据结构 杨巨峰\课程资料——杨巨峰\13-16周\BFS最短路径\adjacencyWGraph.h(41,23): error C3861: “noEdge”: 找不到标识符
E:\刘修铭\南开大学\个人材料\课程\2022-2023 第1学期\数据结构 杨巨峰\课程资料——杨巨峰\13-16周\BFS最短路径\adjacencyWGraph.h(42,13): error C2065: “e”: 未声明的标识符
E:\刘修铭\南开大学\个人材料\课程\2022-2023 第1学期\数据结构 杨巨峰\课程资料——杨巨峰\13-16周\BFS最短路径\adjacencyWGraph.h(42,13): error C3861: “e”: 找不到标识符
E:\刘修铭\南开大学\个人材料\课程\2022-2023 第1学期\数据结构 杨巨峰\课程资料——杨巨峰\13-16周\BFS最短路径\adjacencyWGraph.h(38,65): error C2065: “noEdge”: 未声明的标识符
E:\刘修铭\南开大学\个人材料\课程\2022-2023 第1学期\数据结构 杨巨峰\课程资料——杨巨峰\13-16周\BFS最短路径\adjacencyWGraph.h(40,13): error C2065: “a”: 未声明的标识符
E:\刘修铭\南开大学\个人材料\课程\2022-2023 第1学期\数据结构 杨巨峰\课程资料——杨巨峰\13-16周\BFS最短路径\adjacencyWGraph.h(40,23): error C2065: “noEdge”: 未声明的标识符
E:\刘修铭\南开大学\个人材料\课程\2022-2023 第1学期\数据结构 杨巨峰\课程资料——杨巨峰\13-16周\BFS最短路径\adjacencyWGraph.h(41,13): error C2065: “a”: 未声明的标识符
E:\刘修铭\南开大学\个人材料\课程\2022-2023 第1学期\数据结构 杨巨峰\课程资料——杨巨峰\13-16周\BFS最短路径\adjacencyWGraph.h(41,23): error C2065: “noEdge”: 未声明的标识符
E:\刘修铭\南开大学\个人材料\课程\2022-2023 第1学期\数据结构 杨巨峰\课程资料——杨巨峰\13-16周\BFS最短路径\adjacencyWGraph.h(48,10): error C3861: “checkVertex”: 找不到标识符
E:\刘修铭\南开大学\个人材料\课程\2022-2023 第1学期\数据结构 杨巨峰\课程资料——杨巨峰\13-16周\BFS最短路径\adjacencyWGraph.h(48,21): message : “checkVertex”: 函数声明必须可用，因为所有参数都不依赖于模板参数
E:\刘修铭\南开大学\个人材料\课程\2022-2023 第1学期\数据结构 杨巨峰\课程资料——杨巨峰\13-16周\BFS最短路径\adjacencyWGraph.h(52,31): error C2065: “n”: 未声明的标识符
E:\刘修铭\南开大学\个人材料\课程\2022-2023 第1学期\数据结构 杨巨峰\课程资料——杨巨峰\13-16周\BFS最短路径\adjacencyWGraph.h(52,31): error C3861: “n”: 找不到标识符
E:\刘修铭\南开大学\个人材料\课程\2022-2023 第1学期\数据结构 杨巨峰\课程资料——杨巨峰\13-16周\BFS最短路径\adjacencyWGraph.h(53,17): error C2065: “a”: 未声明的标识符
E:\刘修铭\南开大学\个人材料\课程\2022-2023 第1学期\数据结构 杨巨峰\课程资料——杨巨峰\13-16周\BFS最短路径\adjacencyWGraph.h(53,17): error C3861: “a”: 找不到标识符
E:\刘修铭\南开大学\个人材料\课程\2022-2023 第1学期\数据结构 杨巨峰\课程资料——杨巨峰\13-16周\BFS最短路径\adjacencyWGraph.h(53,36): error C3861: “noEdge”: 找不到标识符
E:\刘修铭\南开大学\个人材料\课程\2022-2023 第1学期\数据结构 杨巨峰\课程资料——杨巨峰\13-16周\BFS最短路径\adjacencyWGraph.h(53,36): error C2065: “noEdge”: 未声明的标识符
E:\刘修铭\南开大学\个人材料\课程\2022-2023 第1学期\数据结构 杨巨峰\课程资料——杨巨峰\13-16周\BFS最短路径\源.cpp(10,1): warning C4326: “main”的返回类型应为“int”而非“void”
E:\刘修铭\南开大学\个人材料\课程\2022-2023 第1学期\数据结构 杨巨峰\课程资料——杨巨峰\13-16周\BFS最短路径\源.cpp(45,33): error C2440: “=”: 无法从“int”转换为“std::pair<int,int> *”
E:\刘修铭\南开大学\个人材料\课程\2022-2023 第1学期\数据结构 杨巨峰\课程资料——杨巨峰\13-16周\BFS最短路径\源.cpp(45,31): message : 从整型类型转换为指针类型需要 reinterpret_cast、C 样式转换或带圆括号的函数样式强制转换
